<?xml version="1.0" encoding="UTF-8"?>
<!-- Generated by org.testng.reporters.JUnitXMLReporter -->
<testsuite ignored="1" hostname="DESKTOP-1C5N22D" failures="0" tests="3" name="Default test" time="10.219" errors="0" timestamp="2023-07-19T10:49:01 IST">
  <testcase classname="Testng.Annotationandpriority" name="OpenApp" time="8.956"/>
  <testcase classname="Testng.Annotationandpriority" name="Login" time="0.915"/>
  <testcase classname="Testng.Annotationandpriority" name="CloseApp" time="0.224"/>
  <testcase classname="Testng.Annotationandpriority" name="search" time="0.0">
    <ignored/>
  </testcase> <!-- search -->
</testsuite> <!-- Default test -->
