<?xml version="1.0" encoding="UTF-8"?>
<!-- Generated by org.testng.reporters.JUnitXMLReporter -->
<testsuite ignored="0" hostname="DESKTOP-1C5N22D" failures="0" tests="4" name="Chrome Test" time="15.35" errors="0" timestamp="2023-07-19T14:42:31 IST">
  <testcase classname="Testng.Paramtrs" name="OpenApp" time="9.528"/>
  <testcase classname="Testng.Paramtrs" name="Login" time="5.362"/>
  <testcase classname="Testng.Paramtrs" name="search" time="0.005"/>
  <testcase classname="Testng.Paramtrs" name="CloseApp" time="0.374"/>
</testsuite> <!-- Chrome Test -->
