<?xml version="1.0" encoding="UTF-8"?>
<!-- Generated by org.testng.reporters.JUnitXMLReporter -->
<testsuite ignored="0" hostname="DESKTOP-1C5N22D" failures="0" tests="4" name="Edge Test" time="24.109" errors="0" timestamp="2023-07-19T14:42:40 IST">
  <testcase classname="Testng.Paramtrs" name="OpenApp" time="15.771"/>
  <testcase classname="Testng.Paramtrs" name="Login" time="1.756"/>
  <testcase classname="Testng.Paramtrs" name="search" time="0.004"/>
  <testcase classname="Testng.Paramtrs" name="CloseApp" time="6.505"/>
</testsuite> <!-- Edge Test -->
