<?xml version="1.0" encoding="UTF-8"?>
<!-- Generated by org.testng.reporters.JUnitXMLReporter -->
<testsuite ignored="3" hostname="DESKTOP-1C5N22D" failures="1" tests="2" name="Test" time="0.081" errors="0" timestamp="2023-07-18T21:18:18 IST">
  <testcase classname="Testng.Groups" name="Login" time="0.015">
    <failure type="java.lang.NullPointerException" message="Cannot invoke &amp;quot;org.openqa.selenium.WebDriver.findElement(org.openqa.selenium.By)&amp;quot; because &amp;quot;this.driver&amp;quot; is null">
      <![CDATA[java.lang.NullPointerException: Cannot invoke "org.openqa.selenium.WebDriver.findElement(org.openqa.selenium.By)" because "this.driver" is null
at Testng.Groups.Login(Groups.java:26)
at java.base/java.util.ArrayList.forEach(ArrayList.java:1511)
... Removed 25 stack frames]]>
    </failure>
  </testcase> <!-- Login -->
  <testcase classname="Testng.Groups" name="AdvSearch" time="0.003"/>
  <testcase classname="Testng.Groups" name="OpenApp" time="0.0">
    <ignored/>
  </testcase> <!-- OpenApp -->
  <testcase classname="Testng.Groups" name="Search" time="0.0">
    <ignored/>
  </testcase> <!-- Search -->
  <testcase classname="Testng.Groups" name="TearDown" time="0.0">
    <ignored/>
  </testcase> <!-- TearDown -->
</testsuite> <!-- Test -->
