<?xml version="1.0" encoding="UTF-8"?>
<!-- Generated by org.testng.reporters.JUnitXMLReporter -->
<testsuite ignored="1" hostname="DESKTOP-H9LUPLR" failures="0" tests="3" name="Test" time="8.792" errors="0" timestamp="2023-08-03T00:22:52 IST">
  <testcase classname="Testng.Annotationandpriority" name="OpenApp" time="6.554"/>
  <testcase classname="Testng.Annotationandpriority" name="Login" time="1.969"/>
  <testcase classname="Testng.Annotationandpriority" name="CloseApp" time="0.196"/>
  <testcase classname="Testng.Annotationandpriority" name="search" time="0.0">
    <ignored/>
  </testcase> <!-- search -->
</testsuite> <!-- Test -->
